<?xml version="1.0" encoding="UTF-8"?>
<coverage generated="1782853181008" clover="3.2.0">
  <project timestamp="1782853181008" name="All files">
    <metrics statements="71" coveredstatements="71" conditionals="49" coveredconditionals="49" methods="27" coveredmethods="26" elements="147" coveredelements="146" complexity="0" loc="71" ncloc="71" packages="1" files="4" classes="4"/>
    <file name="background-utils.js" path="/nas/Temp/repos/ad-blocker-chrome-extension/src/background-utils.js">
      <metrics statements="25" coveredstatements="25" conditionals="15" coveredconditionals="15" methods="9" coveredmethods="8"/>
      <line num="6" count="1" type="stmt"/>
      <line num="8" count="1" type="stmt"/>
      <line num="9" count="1" type="stmt"/>
      <line num="10" count="1" type="stmt"/>
      <line num="11" count="1" type="stmt"/>
      <line num="12" count="1" type="stmt"/>
      <line num="13" count="1" type="stmt"/>
      <line num="21" count="5" type="stmt"/>
      <line num="34" count="9" type="stmt"/>
      <line num="43" count="6" type="stmt"/>
      <line num="53" count="5" type="stmt"/>
      <line num="55" count="5" type="stmt"/>
      <line num="56" count="5" type="stmt"/>
      <line num="58" count="5" type="cond" truecount="4" falsecount="0"/>
      <line num="59" count="2" type="stmt"/>
      <line num="60" count="3" type="cond" truecount="4" falsecount="0"/>
      <line num="61" count="1" type="stmt"/>
      <line num="64" count="5" type="stmt"/>
      <line num="65" count="5" type="stmt"/>
      <line num="66" count="5" type="cond" truecount="2" falsecount="0"/>
      <line num="68" count="5" type="stmt"/>
      <line num="77" count="5" type="cond" truecount="2" falsecount="0"/>
      <line num="86" count="3" type="stmt"/>
      <line num="95" count="6" type="stmt"/>
      <line num="98" count="1" type="stmt"/>
    </file>
    <file name="content-utils.js" path="/nas/Temp/repos/ad-blocker-chrome-extension/src/content-utils.js">
      <metrics statements="10" coveredstatements="10" conditionals="5" coveredconditionals="5" methods="6" coveredmethods="6"/>
      <line num="6" count="1" type="stmt"/>
      <line num="14" count="3" type="stmt"/>
      <line num="23" count="4" type="stmt"/>
      <line num="24" count="4" type="stmt"/>
      <line num="25" count="5" type="stmt"/>
      <line num="27" count="4" type="stmt"/>
      <line num="36" count="2" type="stmt"/>
      <line num="45" count="6" type="cond" truecount="5" falsecount="0"/>
      <line num="58" count="2" type="stmt"/>
      <line num="61" count="1" type="stmt"/>
    </file>
    <file name="popup-utils.js" path="/nas/Temp/repos/ad-blocker-chrome-extension/src/popup-utils.js">
      <metrics statements="11" coveredstatements="11" conditionals="10" coveredconditionals="10" methods="4" coveredmethods="4"/>
      <line num="6" count="1" type="stmt"/>
      <line num="14" count="11" type="cond" truecount="2" falsecount="0"/>
      <line num="23" count="3" type="cond" truecount="2" falsecount="0"/>
      <line num="24" count="2" type="stmt"/>
      <line num="26" count="1" type="stmt"/>
      <line num="35" count="3" type="cond" truecount="2" falsecount="0"/>
      <line num="45" count="5" type="cond" truecount="2" falsecount="0"/>
      <line num="46" count="5" type="cond" truecount="2" falsecount="0"/>
      <line num="47" count="5" type="stmt"/>
      <line num="49" count="5" type="stmt"/>
      <line num="57" count="1" type="stmt"/>
    </file>
    <file name="utils.js" path="/nas/Temp/repos/ad-blocker-chrome-extension/src/utils.js">
      <metrics statements="25" coveredstatements="25" conditionals="19" coveredconditionals="19" methods="8" coveredmethods="8"/>
      <line num="12" count="10" type="stmt"/>
      <line num="13" count="10" type="stmt"/>
      <line num="15" count="3" type="stmt"/>
      <line num="26" count="7" type="stmt"/>
      <line num="27" count="7" type="stmt"/>
      <line num="28" count="7" type="stmt"/>
      <line num="29" count="14" type="stmt"/>
      <line num="30" count="14" type="stmt"/>
      <line num="31" count="18" type="stmt"/>
      <line num="34" count="7" type="stmt"/>
      <line num="43" count="15" type="cond" truecount="2" falsecount="0"/>
      <line num="44" count="13" type="cond" truecount="2" falsecount="0"/>
      <line num="45" count="13" type="cond" truecount="2" falsecount="0"/>
      <line num="46" count="13" type="cond" truecount="2" falsecount="0"/>
      <line num="47" count="13" type="cond" truecount="2" falsecount="0"/>
      <line num="48" count="13" type="cond" truecount="2" falsecount="0"/>
      <line num="49" count="13" type="cond" truecount="2" falsecount="0"/>
      <line num="58" count="7" type="stmt"/>
      <line num="68" count="6" type="stmt"/>
      <line num="69" count="6" type="cond" truecount="2" falsecount="0"/>
      <line num="70" count="6" type="cond" truecount="2" falsecount="0"/>
      <line num="71" count="6" type="stmt"/>
      <line num="81" count="10" type="stmt"/>
      <line num="97" count="14" type="stmt"/>
      <line num="100" count="1" type="stmt"/>
    </file>
  </project>
</coverage>
