{"/nas/Temp/repos/ad-blocker-chrome-extension/src/background-utils.js": {"path":"/nas/Temp/repos/ad-blocker-chrome-extension/src/background-utils.js","statementMap":{"0":{"start":{"line":6,"column":30},"end":{"line":6,"column":48}},"1":{"start":{"line":8,"column":19},"end":{"line":8,"column":24}},"2":{"start":{"line":9,"column":22},"end":{"line":9,"column":33}},"3":{"start":{"line":10,"column":20},"end":{"line":10,"column":29}},"4":{"start":{"line":11,"column":28},"end":{"line":11,"column":46}},"5":{"start":{"line":12,"column":24},"end":{"line":12,"column":25}},"6":{"start":{"line":13,"column":22},"end":{"line":13,"column":29}},"7":{"start":{"line":21,"column":2},"end":{"line":24,"column":4}},"8":{"start":{"line":34,"column":2},"end":{"line":34,"column":45}},"9":{"start":{"line":43,"column":2},"end":{"line":43,"column":53}},"10":{"start":{"line":53,"column":15},"end":{"line":53,"column":48}},"11":{"start":{"line":55,"column":27},"end":{"line":55,"column":29}},"12":{"start":{"line":56,"column":28},"end":{"line":56,"column":30}},"13":{"start":{"line":58,"column":2},"end":{"line":62,"column":3}},"14":{"start":{"line":59,"column":4},"end":{"line":59,"column":38}},"15":{"start":{"line":60,"column":9},"end":{"line":62,"column":3}},"16":{"start":{"line":61,"column":4},"end":{"line":61,"column":39}},"17":{"start":{"line":64,"column":31},"end":{"line":64,"column":33}},"18":{"start":{"line":65,"column":24},"end":{"line":65,"column":59}},"19":{"start":{"line":65,"column":54},"end":{"line":65,"column":58}},"20":{"start":{"line":66,"column":19},"end":{"line":66,"column":72}},"21":{"start":{"line":68,"column":2},"end":{"line":68,"column":74}},"22":{"start":{"line":77,"column":2},"end":{"line":77,"column":47}},"23":{"start":{"line":86,"column":2},"end":{"line":86,"column":60}},"24":{"start":{"line":95,"column":2},"end":{"line":95,"column":49}},"25":{"start":{"line":95,"column":29},"end":{"line":95,"column":47}},"26":{"start":{"line":98,"column":0},"end":{"line":112,"column":2}}},"fnMap":{"0":{"name":"getState","decl":{"start":{"line":20,"column":9},"end":{"line":20,"column":17}},"loc":{"start":{"line":20,"column":31},"end":{"line":25,"column":1}},"line":20},"1":{"name":"isRulesetEnabled","decl":{"start":{"line":33,"column":9},"end":{"line":33,"column":25}},"loc":{"start":{"line":33,"column":67},"end":{"line":35,"column":1}},"line":33},"2":{"name":"buildAllowRules","decl":{"start":{"line":42,"column":9},"end":{"line":42,"column":24}},"loc":{"start":{"line":42,"column":36},"end":{"line":44,"column":1}},"line":42},"3":{"name":"buildStateChangeActions","decl":{"start":{"line":52,"column":9},"end":{"line":52,"column":32}},"loc":{"start":{"line":52,"column":57},"end":{"line":69,"column":1}},"line":52},"4":{"name":"(anonymous_4)","decl":{"start":{"line":65,"column":49},"end":{"line":65,"column":50}},"loc":{"start":{"line":65,"column":54},"end":{"line":65,"column":58}},"line":65},"5":{"name":"getFiltersVersion","decl":{"start":{"line":76,"column":9},"end":{"line":76,"column":26}},"loc":{"start":{"line":76,"column":40},"end":{"line":78,"column":1}},"line":76},"6":{"name":"needsFilterReload","decl":{"start":{"line":85,"column":9},"end":{"line":85,"column":26}},"loc":{"start":{"line":85,"column":40},"end":{"line":87,"column":1}},"line":85},"7":{"name":"getOldFilterKeys","decl":{"start":{"line":94,"column":9},"end":{"line":94,"column":25}},"loc":{"start":{"line":94,"column":35},"end":{"line":96,"column":1}},"line":94},"8":{"name":"(anonymous_8)","decl":{"start":{"line":95,"column":24},"end":{"line":95,"column":25}},"loc":{"start":{"line":95,"column":29},"end":{"line":95,"column":47}},"line":95}},"branchMap":{"0":{"loc":{"start":{"line":23,"column":15},"end":{"line":23,"column":47}},"type":"binary-expr","locations":[{"start":{"line":23,"column":15},"end":{"line":23,"column":41}},{"start":{"line":23,"column":45},"end":{"line":23,"column":47}}],"line":23},"1":{"loc":{"start":{"line":33,"column":43},"end":{"line":33,"column":65}},"type":"default-arg","locations":[{"start":{"line":33,"column":55},"end":{"line":33,"column":65}}],"line":33},"2":{"loc":{"start":{"line":58,"column":2},"end":{"line":62,"column":3}},"type":"if","locations":[{"start":{"line":58,"column":2},"end":{"line":62,"column":3}},{"start":{"line":60,"column":9},"end":{"line":62,"column":3}}],"line":58},"3":{"loc":{"start":{"line":58,"column":6},"end":{"line":58,"column":28}},"type":"binary-expr","locations":[{"start":{"line":58,"column":6},"end":{"line":58,"column":19}},{"start":{"line":58,"column":23},"end":{"line":58,"column":28}}],"line":58},"4":{"loc":{"start":{"line":60,"column":9},"end":{"line":62,"column":3}},"type":"if","locations":[{"start":{"line":60,"column":9},"end":{"line":62,"column":3}},{"start":{},"end":{}}],"line":60},"5":{"loc":{"start":{"line":60,"column":13},"end":{"line":60,"column":35}},"type":"binary-expr","locations":[{"start":{"line":60,"column":13},"end":{"line":60,"column":27}},{"start":{"line":60,"column":31},"end":{"line":60,"column":35}}],"line":60},"6":{"loc":{"start":{"line":66,"column":19},"end":{"line":66,"column":72}},"type":"cond-expr","locations":[{"start":{"line":66,"column":35},"end":{"line":66,"column":67}},{"start":{"line":66,"column":70},"end":{"line":66,"column":72}}],"line":66},"7":{"loc":{"start":{"line":77,"column":9},"end":{"line":77,"column":46}},"type":"binary-expr","locations":[{"start":{"line":77,"column":9},"end":{"line":77,"column":41}},{"start":{"line":77,"column":45},"end":{"line":77,"column":46}}],"line":77}},"s":{"0":1,"1":1,"2":1,"3":1,"4":1,"5":1,"6":1,"7":5,"8":9,"9":6,"10":5,"11":5,"12":5,"13":5,"14":2,"15":3,"16":1,"17":5,"18":5,"19":0,"20":5,"21":5,"22":5,"23":3,"24":2,"25":6,"26":1},"f":{"0":5,"1":9,"2":6,"3":5,"4":0,"5":5,"6":3,"7":2,"8":6},"b":{"0":[5,3],"1":[9],"2":[2,3],"3":[5,4],"4":[1,2],"5":[3,1],"6":[4,1],"7":[5,3]},"_coverageSchema":"1a1c01bbd47fc00a2c39e90264f33305004495a9","hash":"4eb74cb0384fb06e54056a2dd65d0216b9e7ea6f"}
,"/nas/Temp/repos/ad-blocker-chrome-extension/src/content-utils.js": {"path":"/nas/Temp/repos/ad-blocker-chrome-extension/src/content-utils.js","statementMap":{"0":{"start":{"line":6,"column":80},"end":{"line":6,"column":98}},"1":{"start":{"line":14,"column":2},"end":{"line":14,"column":45}},"2":{"start":{"line":14,"column":35},"end":{"line":14,"column":43}},"3":{"start":{"line":23,"column":14},"end":{"line":23,"column":39}},"4":{"start":{"line":24,"column":2},"end":{"line":26,"column":3}},"5":{"start":{"line":25,"column":4},"end":{"line":25,"column":33}},"6":{"start":{"line":27,"column":2},"end":{"line":27,"column":13}},"7":{"start":{"line":36,"column":2},"end":{"line":36,"column":46}},"8":{"start":{"line":45,"column":2},"end":{"line":49,"column":28}},"9":{"start":{"line":58,"column":2},"end":{"line":58,"column":29}},"10":{"start":{"line":61,"column":0},"end":{"line":67,"column":2}}},"fnMap":{"0":{"name":"buildDomKeys","decl":{"start":{"line":13,"column":9},"end":{"line":13,"column":21}},"loc":{"start":{"line":13,"column":28},"end":{"line":15,"column":1}},"line":13},"1":{"name":"(anonymous_1)","decl":{"start":{"line":14,"column":30},"end":{"line":14,"column":31}},"loc":{"start":{"line":14,"column":35},"end":{"line":14,"column":43}},"line":14},"2":{"name":"buildFilterAccumulator","decl":{"start":{"line":22,"column":9},"end":{"line":22,"column":31}},"loc":{"start":{"line":22,"column":41},"end":{"line":28,"column":1}},"line":22},"3":{"name":"buildFilterCss","decl":{"start":{"line":35,"column":9},"end":{"line":35,"column":23}},"loc":{"start":{"line":35,"column":29},"end":{"line":37,"column":1}},"line":35},"4":{"name":"hasFilterContent","decl":{"start":{"line":44,"column":9},"end":{"line":44,"column":25}},"loc":{"start":{"line":44,"column":31},"end":{"line":50,"column":1}},"line":44},"5":{"name":"buildDomRemovalSelector","decl":{"start":{"line":57,"column":9},"end":{"line":57,"column":32}},"loc":{"start":{"line":57,"column":44},"end":{"line":59,"column":1}},"line":57}},"branchMap":{"0":{"loc":{"start":{"line":45,"column":9},"end":{"line":49,"column":27}},"type":"binary-expr","locations":[{"start":{"line":45,"column":9},"end":{"line":45,"column":27}},{"start":{"line":46,"column":4},"end":{"line":46,"column":28}},{"start":{"line":47,"column":4},"end":{"line":47,"column":28}},{"start":{"line":48,"column":4},"end":{"line":48,"column":29}},{"start":{"line":49,"column":4},"end":{"line":49,"column":27}}],"line":45}},"s":{"0":1,"1":2,"2":3,"3":4,"4":4,"5":5,"6":4,"7":2,"8":6,"9":2,"10":1},"f":{"0":2,"1":3,"2":4,"3":2,"4":6,"5":2},"b":{"0":[6,5,4,3,2]},"_coverageSchema":"1a1c01bbd47fc00a2c39e90264f33305004495a9","hash":"3cfd38a7426d1e6f287cc1c5a7d5f393c5fd384b"}
,"/nas/Temp/repos/ad-blocker-chrome-extension/src/popup-utils.js": {"path":"/nas/Temp/repos/ad-blocker-chrome-extension/src/popup-utils.js","statementMap":{"0":{"start":{"line":6,"column":23},"end":{"line":6,"column":41}},"1":{"start":{"line":14,"column":2},"end":{"line":14,"column":42}},"2":{"start":{"line":23,"column":2},"end":{"line":25,"column":3}},"3":{"start":{"line":24,"column":4},"end":{"line":24,"column":26}},"4":{"start":{"line":26,"column":2},"end":{"line":26,"column":14}},"5":{"start":{"line":35,"column":2},"end":{"line":35,"column":32}},"6":{"start":{"line":45,"column":15},"end":{"line":45,"column":59}},"7":{"start":{"line":46,"column":22},"end":{"line":46,"column":67}},"8":{"start":{"line":47,"column":29},"end":{"line":47,"column":47}},"9":{"start":{"line":49,"column":2},"end":{"line":54,"column":4}},"10":{"start":{"line":57,"column":0},"end":{"line":62,"column":2}}},"fnMap":{"0":{"name":"isValidHost","decl":{"start":{"line":13,"column":9},"end":{"line":13,"column":20}},"loc":{"start":{"line":13,"column":27},"end":{"line":15,"column":1}},"line":13},"1":{"name":"getSiteToggleDisabledReason","decl":{"start":{"line":22,"column":9},"end":{"line":22,"column":36}},"loc":{"start":{"line":22,"column":43},"end":{"line":27,"column":1}},"line":22},"2":{"name":"getSiteLabel","decl":{"start":{"line":34,"column":9},"end":{"line":34,"column":21}},"loc":{"start":{"line":34,"column":28},"end":{"line":36,"column":1}},"line":34},"3":{"name":"buildPopupState","decl":{"start":{"line":44,"column":9},"end":{"line":44,"column":24}},"loc":{"start":{"line":44,"column":43},"end":{"line":55,"column":1}},"line":44}},"branchMap":{"0":{"loc":{"start":{"line":14,"column":9},"end":{"line":14,"column":41}},"type":"binary-expr","locations":[{"start":{"line":14,"column":9},"end":{"line":14,"column":22}},{"start":{"line":14,"column":26},"end":{"line":14,"column":41}}],"line":14},"1":{"loc":{"start":{"line":23,"column":2},"end":{"line":25,"column":3}},"type":"if","locations":[{"start":{"line":23,"column":2},"end":{"line":25,"column":3}},{"start":{},"end":{}}],"line":23},"2":{"loc":{"start":{"line":35,"column":9},"end":{"line":35,"column":31}},"type":"binary-expr","locations":[{"start":{"line":35,"column":9},"end":{"line":35,"column":13}},{"start":{"line":35,"column":17},"end":{"line":35,"column":31}}],"line":35},"3":{"loc":{"start":{"line":45,"column":15},"end":{"line":45,"column":59}},"type":"cond-expr","locations":[{"start":{"line":45,"column":27},"end":{"line":45,"column":52}},{"start":{"line":45,"column":55},"end":{"line":45,"column":59}}],"line":45},"4":{"loc":{"start":{"line":46,"column":22},"end":{"line":46,"column":67}},"type":"cond-expr","locations":[{"start":{"line":46,"column":29},"end":{"line":46,"column":59}},{"start":{"line":46,"column":62},"end":{"line":46,"column":67}}],"line":46}},"s":{"0":1,"1":11,"2":3,"3":2,"4":1,"5":3,"6":5,"7":5,"8":5,"9":5,"10":1},"f":{"0":11,"1":3,"2":3,"3":5},"b":{"0":[11,7],"1":[2,1],"2":[3,2],"3":[4,1],"4":[3,2]},"_coverageSchema":"1a1c01bbd47fc00a2c39e90264f33305004495a9","hash":"ae16d31896cda7ad5dd6099a6356896bf833db36"}
,"/nas/Temp/repos/ad-blocker-chrome-extension/src/utils.js": {"path":"/nas/Temp/repos/ad-blocker-chrome-extension/src/utils.js","statementMap":{"0":{"start":{"line":12,"column":2},"end":{"line":16,"column":3}},"1":{"start":{"line":13,"column":4},"end":{"line":13,"column":55}},"2":{"start":{"line":15,"column":4},"end":{"line":15,"column":16}},"3":{"start":{"line":26,"column":14},"end":{"line":26,"column":23}},"4":{"start":{"line":27,"column":15},"end":{"line":27,"column":38}},"5":{"start":{"line":28,"column":2},"end":{"line":33,"column":3}},"6":{"start":{"line":29,"column":18},"end":{"line":29,"column":30}},"7":{"start":{"line":30,"column":4},"end":{"line":32,"column":5}},"8":{"start":{"line":30,"column":17},"end":{"line":30,"column":18}},"9":{"start":{"line":31,"column":6},"end":{"line":31,"column":40}},"10":{"start":{"line":34,"column":2},"end":{"line":34,"column":18}},"11":{"start":{"line":43,"column":2},"end":{"line":43,"column":21}},"12":{"start":{"line":43,"column":14},"end":{"line":43,"column":21}},"13":{"start":{"line":44,"column":2},"end":{"line":44,"column":53}},"14":{"start":{"line":44,"column":31},"end":{"line":44,"column":53}},"15":{"start":{"line":45,"column":2},"end":{"line":45,"column":56}},"16":{"start":{"line":45,"column":23},"end":{"line":45,"column":56}},"17":{"start":{"line":46,"column":2},"end":{"line":46,"column":76}},"18":{"start":{"line":46,"column":30},"end":{"line":46,"column":76}},"19":{"start":{"line":47,"column":2},"end":{"line":47,"column":76}},"20":{"start":{"line":47,"column":30},"end":{"line":47,"column":76}},"21":{"start":{"line":48,"column":2},"end":{"line":48,"column":77}},"22":{"start":{"line":48,"column":30},"end":{"line":48,"column":77}},"23":{"start":{"line":49,"column":2},"end":{"line":49,"column":73}},"24":{"start":{"line":49,"column":29},"end":{"line":49,"column":73}},"25":{"start":{"line":58,"column":2},"end":{"line":58,"column":59}},"26":{"start":{"line":68,"column":16},"end":{"line":68,"column":18}},"27":{"start":{"line":69,"column":2},"end":{"line":69,"column":52}},"28":{"start":{"line":69,"column":18},"end":{"line":69,"column":52}},"29":{"start":{"line":70,"column":2},"end":{"line":70,"column":57}},"30":{"start":{"line":70,"column":24},"end":{"line":70,"column":57}},"31":{"start":{"line":71,"column":2},"end":{"line":71,"column":26}},"32":{"start":{"line":81,"column":2},"end":{"line":89,"column":6}},"33":{"start":{"line":81,"column":37},"end":{"line":89,"column":3}},"34":{"start":{"line":97,"column":2},"end":{"line":97,"column":100}},"35":{"start":{"line":100,"column":0},"end":{"line":108,"column":2}}},"fnMap":{"0":{"name":"hostnameOf","decl":{"start":{"line":11,"column":9},"end":{"line":11,"column":19}},"loc":{"start":{"line":11,"column":25},"end":{"line":17,"column":1}},"line":11},"1":{"name":"candidates","decl":{"start":{"line":25,"column":9},"end":{"line":25,"column":19}},"loc":{"start":{"line":25,"column":23},"end":{"line":35,"column":1}},"line":25},"2":{"name":"mergeFilterEntry","decl":{"start":{"line":42,"column":9},"end":{"line":42,"column":25}},"loc":{"start":{"line":42,"column":38},"end":{"line":50,"column":1}},"line":42},"3":{"name":"buildCssHideRule","decl":{"start":{"line":57,"column":9},"end":{"line":57,"column":25}},"loc":{"start":{"line":57,"column":37},"end":{"line":59,"column":1}},"line":57},"4":{"name":"buildCssText","decl":{"start":{"line":67,"column":9},"end":{"line":67,"column":21}},"loc":{"start":{"line":67,"column":38},"end":{"line":72,"column":1}},"line":67},"5":{"name":"buildDynamicRules","decl":{"start":{"line":80,"column":9},"end":{"line":80,"column":26}},"loc":{"start":{"line":80,"column":61},"end":{"line":90,"column":1}},"line":80},"6":{"name":"(anonymous_6)","decl":{"start":{"line":81,"column":23},"end":{"line":81,"column":24}},"loc":{"start":{"line":81,"column":37},"end":{"line":89,"column":3}},"line":81},"7":{"name":"createFilterAccumulator","decl":{"start":{"line":96,"column":9},"end":{"line":96,"column":32}},"loc":{"start":{"line":96,"column":35},"end":{"line":98,"column":1}},"line":96}},"branchMap":{"0":{"loc":{"start":{"line":43,"column":2},"end":{"line":43,"column":21}},"type":"if","locations":[{"start":{"line":43,"column":2},"end":{"line":43,"column":21}},{"start":{},"end":{}}],"line":43},"1":{"loc":{"start":{"line":44,"column":2},"end":{"line":44,"column":53}},"type":"if","locations":[{"start":{"line":44,"column":2},"end":{"line":44,"column":53}},{"start":{},"end":{}}],"line":44},"2":{"loc":{"start":{"line":45,"column":2},"end":{"line":45,"column":56}},"type":"if","locations":[{"start":{"line":45,"column":2},"end":{"line":45,"column":56}},{"start":{},"end":{}}],"line":45},"3":{"loc":{"start":{"line":46,"column":2},"end":{"line":46,"column":76}},"type":"if","locations":[{"start":{"line":46,"column":2},"end":{"line":46,"column":76}},{"start":{},"end":{}}],"line":46},"4":{"loc":{"start":{"line":47,"column":2},"end":{"line":47,"column":76}},"type":"if","locations":[{"start":{"line":47,"column":2},"end":{"line":47,"column":76}},{"start":{},"end":{}}],"line":47},"5":{"loc":{"start":{"line":48,"column":2},"end":{"line":48,"column":77}},"type":"if","locations":[{"start":{"line":48,"column":2},"end":{"line":48,"column":77}},{"start":{},"end":{}}],"line":48},"6":{"loc":{"start":{"line":49,"column":2},"end":{"line":49,"column":73}},"type":"if","locations":[{"start":{"line":49,"column":2},"end":{"line":49,"column":73}},{"start":{},"end":{}}],"line":49},"7":{"loc":{"start":{"line":69,"column":2},"end":{"line":69,"column":52}},"type":"if","locations":[{"start":{"line":69,"column":2},"end":{"line":69,"column":52}},{"start":{},"end":{}}],"line":69},"8":{"loc":{"start":{"line":70,"column":2},"end":{"line":70,"column":57}},"type":"if","locations":[{"start":{"line":70,"column":2},"end":{"line":70,"column":57}},{"start":{},"end":{}}],"line":70},"9":{"loc":{"start":{"line":80,"column":38},"end":{"line":80,"column":59}},"type":"default-arg","locations":[{"start":{"line":80,"column":52},"end":{"line":80,"column":59}}],"line":80}},"s":{"0":10,"1":10,"2":3,"3":7,"4":7,"5":7,"6":14,"7":14,"8":14,"9":18,"10":7,"11":15,"12":2,"13":13,"14":1,"15":13,"16":7,"17":13,"18":2,"19":13,"20":1,"21":13,"22":1,"23":13,"24":1,"25":7,"26":6,"27":6,"28":4,"29":6,"30":3,"31":6,"32":10,"33":8,"34":14,"35":1},"f":{"0":10,"1":7,"2":15,"3":7,"4":6,"5":10,"6":8,"7":14},"b":{"0":[2,13],"1":[1,12],"2":[7,6],"3":[2,11],"4":[1,12],"5":[1,12],"6":[1,12],"7":[4,2],"8":[3,3],"9":[3]},"_coverageSchema":"1a1c01bbd47fc00a2c39e90264f33305004495a9","hash":"f7f66be8a713c494931c2b978708c0c99bf9897b"}
}
