TN:
SF:src/background-utils.js
FN:20,getState
FN:33,isRulesetEnabled
FN:42,buildAllowRules
FN:52,buildStateChangeActions
FN:65,(anonymous_4)
FN:76,getFiltersVersion
FN:85,needsFilterReload
FN:94,getOldFilterKeys
FN:95,(anonymous_8)
FNF:9
FNH:8
FNDA:5,getState
FNDA:9,isRulesetEnabled
FNDA:6,buildAllowRules
FNDA:5,buildStateChangeActions
FNDA:0,(anonymous_4)
FNDA:5,getFiltersVersion
FNDA:3,needsFilterReload
FNDA:2,getOldFilterKeys
FNDA:6,(anonymous_8)
DA:6,1
DA:8,1
DA:9,1
DA:10,1
DA:11,1
DA:12,1
DA:13,1
DA:21,5
DA:34,9
DA:43,6
DA:53,5
DA:55,5
DA:56,5
DA:58,5
DA:59,2
DA:60,3
DA:61,1
DA:64,5
DA:65,5
DA:66,5
DA:68,5
DA:77,5
DA:86,3
DA:95,6
DA:98,1
LF:25
LH:25
BRDA:23,0,0,5
BRDA:23,0,1,3
BRDA:33,1,0,9
BRDA:58,2,0,2
BRDA:58,2,1,3
BRDA:58,3,0,5
BRDA:58,3,1,4
BRDA:60,4,0,1
BRDA:60,4,1,2
BRDA:60,5,0,3
BRDA:60,5,1,1
BRDA:66,6,0,4
BRDA:66,6,1,1
BRDA:77,7,0,5
BRDA:77,7,1,3
BRF:15
BRH:15
end_of_record
TN:
SF:src/content-utils.js
FN:13,buildDomKeys
FN:14,(anonymous_1)
FN:22,buildFilterAccumulator
FN:35,buildFilterCss
FN:44,hasFilterContent
FN:57,buildDomRemovalSelector
FNF:6
FNH:6
FNDA:2,buildDomKeys
FNDA:3,(anonymous_1)
FNDA:4,buildFilterAccumulator
FNDA:2,buildFilterCss
FNDA:6,hasFilterContent
FNDA:2,buildDomRemovalSelector
DA:6,1
DA:14,3
DA:23,4
DA:24,4
DA:25,5
DA:27,4
DA:36,2
DA:45,6
DA:58,2
DA:61,1
LF:10
LH:10
BRDA:45,0,0,6
BRDA:45,0,1,5
BRDA:45,0,2,4
BRDA:45,0,3,3
BRDA:45,0,4,2
BRF:5
BRH:5
end_of_record
TN:
SF:src/popup-utils.js
FN:13,isValidHost
FN:22,getSiteToggleDisabledReason
FN:34,getSiteLabel
FN:44,buildPopupState
FNF:4
FNH:4
FNDA:11,isValidHost
FNDA:3,getSiteToggleDisabledReason
FNDA:3,getSiteLabel
FNDA:5,buildPopupState
DA:6,1
DA:14,11
DA:23,3
DA:24,2
DA:26,1
DA:35,3
DA:45,5
DA:46,5
DA:47,5
DA:49,5
DA:57,1
LF:11
LH:11
BRDA:14,0,0,11
BRDA:14,0,1,7
BRDA:23,1,0,2
BRDA:23,1,1,1
BRDA:35,2,0,3
BRDA:35,2,1,2
BRDA:45,3,0,4
BRDA:45,3,1,1
BRDA:46,4,0,3
BRDA:46,4,1,2
BRF:10
BRH:10
end_of_record
TN:
SF:src/utils.js
FN:11,hostnameOf
FN:25,candidates
FN:42,mergeFilterEntry
FN:57,buildCssHideRule
FN:67,buildCssText
FN:80,buildDynamicRules
FN:81,(anonymous_6)
FN:96,createFilterAccumulator
FNF:8
FNH:8
FNDA:10,hostnameOf
FNDA:7,candidates
FNDA:15,mergeFilterEntry
FNDA:7,buildCssHideRule
FNDA:6,buildCssText
FNDA:10,buildDynamicRules
FNDA:8,(anonymous_6)
FNDA:14,createFilterAccumulator
DA:12,10
DA:13,10
DA:15,3
DA:26,7
DA:27,7
DA:28,7
DA:29,14
DA:30,14
DA:31,18
DA:34,7
DA:43,15
DA:44,13
DA:45,13
DA:46,13
DA:47,13
DA:48,13
DA:49,13
DA:58,7
DA:68,6
DA:69,6
DA:70,6
DA:71,6
DA:81,10
DA:97,14
DA:100,1
LF:25
LH:25
BRDA:43,0,0,2
BRDA:43,0,1,13
BRDA:44,1,0,1
BRDA:44,1,1,12
BRDA:45,2,0,7
BRDA:45,2,1,6
BRDA:46,3,0,2
BRDA:46,3,1,11
BRDA:47,4,0,1
BRDA:47,4,1,12
BRDA:48,5,0,1
BRDA:48,5,1,12
BRDA:49,6,0,1
BRDA:49,6,1,12
BRDA:69,7,0,4
BRDA:69,7,1,2
BRDA:70,8,0,3
BRDA:70,8,1,3
BRDA:80,9,0,3
BRF:19
BRH:19
end_of_record
